<?xml version="1.0" encoding="UTF-8"?>
<!-- Generated by org.testng.reporters.JUnitXMLReporter -->
<testsuite ignored="4" hostname="DESKTOP-AB6BR8M" failures="0" tests="2" name="Surefire test" time="60.993" errors="0" timestamp="2024-07-30T09:51:47 IST">
  <testcase classname="com.ShoppersStack_TestScripts.Verify_user_is_able_to_Add_Address_or_not_Test" name="addAddress" time="10.724"/>
  <testcase classname="com.ShoppersStack_TestScripts.Verify_User_is_able_to_delete_address_or_not_Test" name="deleteAddress" time="5.689"/>
  <testcase classname="com.ShoppersStack_genericUtility.Base_Test" name="@AfterTest afterTest" time="0.0">
    <ignored/>
  </testcase> <!-- @AfterTest afterTest -->
  <testcase classname="com.ShoppersStack_genericUtility.Base_Test" name="@BeforeSuite beforeSuite" time="0.0">
    <ignored/>
  </testcase> <!-- @BeforeSuite beforeSuite -->
  <testcase classname="com.ShoppersStack_genericUtility.Base_Test" name="@AfterSuite afterSuite" time="0.0">
    <ignored/>
  </testcase> <!-- @AfterSuite afterSuite -->
  <testcase classname="com.ShoppersStack_genericUtility.Base_Test" name="@BeforeTest beforeTest" time="0.0">
    <ignored/>
  </testcase> <!-- @BeforeTest beforeTest -->
</testsuite> <!-- Surefire test -->
