<?xml version="1.0" encoding="UTF-8"?>
<testng-results ignored="0" total="2" passed="2" failed="0" skipped="0">
  <reporter-output>
  </reporter-output>
  <suite started-at="2024-07-30T09:50:46 IST" name="Surefire suite" finished-at="2024-07-30T09:51:47 IST" duration-ms="60993">
    <groups>
    </groups>
    <test started-at="2024-07-30T09:50:46 IST" name="Surefire test" finished-at="2024-07-30T09:51:47 IST" duration-ms="60993">
      <class name="com.ShoppersStack_TestScripts.Verify_User_is_able_to_delete_address_or_not_Test">
        <test-method is-config="true" signature="beforeClass()[pri:0, instance:com.ShoppersStack_TestScripts.Verify_User_is_able_to_delete_address_or_not_Test@10e92f8f]" started-at="2024-07-30T09:51:19 IST" name="beforeClass" finished-at="2024-07-30T09:51:22 IST" duration-ms="3191" status="PASS">
          <reporter-output>
          </reporter-output>
        </test-method> <!-- beforeClass -->
        <test-method is-config="true" signature="beforeMethod()[pri:0, instance:com.ShoppersStack_TestScripts.Verify_User_is_able_to_delete_address_or_not_Test@10e92f8f]" started-at="2024-07-30T09:51:22 IST" name="beforeMethod" finished-at="2024-07-30T09:51:36 IST" duration-ms="13796" status="PASS">
          <reporter-output>
          </reporter-output>
        </test-method> <!-- beforeMethod -->
        <test-method signature="deleteAddress()[pri:0, instance:com.ShoppersStack_TestScripts.Verify_User_is_able_to_delete_address_or_not_Test@10e92f8f]" started-at="2024-07-30T09:51:36 IST" name="deleteAddress" finished-at="2024-07-30T09:51:42 IST" duration-ms="5689" status="PASS">
          <reporter-output>
          </reporter-output>
        </test-method> <!-- deleteAddress -->
        <test-method is-config="true" signature="afterMethod()[pri:0, instance:com.ShoppersStack_TestScripts.Verify_User_is_able_to_delete_address_or_not_Test@10e92f8f]" started-at="2024-07-30T09:51:42 IST" name="afterMethod" finished-at="2024-07-30T09:51:42 IST" duration-ms="346" status="PASS">
          <reporter-output>
          </reporter-output>
        </test-method> <!-- afterMethod -->
        <test-method is-config="true" signature="afterClass()[pri:0, instance:com.ShoppersStack_TestScripts.Verify_User_is_able_to_delete_address_or_not_Test@10e92f8f]" started-at="2024-07-30T09:51:42 IST" name="afterClass" finished-at="2024-07-30T09:51:45 IST" duration-ms="3355" status="PASS">
          <reporter-output>
          </reporter-output>
        </test-method> <!-- afterClass -->
      </class> <!-- com.ShoppersStack_TestScripts.Verify_User_is_able_to_delete_address_or_not_Test -->
      <class name="com.ShoppersStack_TestScripts.Verify_user_is_able_to_Add_Address_or_not_Test">
        <test-method is-config="true" signature="beforeSuite()[pri:0, instance:com.ShoppersStack_TestScripts.Verify_user_is_able_to_Add_Address_or_not_Test@ef9296d]" started-at="2024-07-30T09:50:46 IST" name="beforeSuite" finished-at="2024-07-30T09:50:46 IST" duration-ms="19" status="PASS">
          <reporter-output>
          </reporter-output>
        </test-method> <!-- beforeSuite -->
        <test-method is-config="true" signature="beforeTest()[pri:0, instance:com.ShoppersStack_TestScripts.Verify_user_is_able_to_Add_Address_or_not_Test@ef9296d]" started-at="2024-07-30T09:50:46 IST" name="beforeTest" finished-at="2024-07-30T09:50:46 IST" duration-ms="254" status="PASS">
          <reporter-output>
          </reporter-output>
        </test-method> <!-- beforeTest -->
        <test-method is-config="true" signature="beforeClass()[pri:0, instance:com.ShoppersStack_TestScripts.Verify_user_is_able_to_Add_Address_or_not_Test@ef9296d]" started-at="2024-07-30T09:50:46 IST" name="beforeClass" finished-at="2024-07-30T09:50:52 IST" duration-ms="5356" status="PASS">
          <reporter-output>
          </reporter-output>
        </test-method> <!-- beforeClass -->
        <test-method is-config="true" signature="beforeMethod()[pri:0, instance:com.ShoppersStack_TestScripts.Verify_user_is_able_to_Add_Address_or_not_Test@ef9296d]" started-at="2024-07-30T09:50:52 IST" name="beforeMethod" finished-at="2024-07-30T09:51:04 IST" duration-ms="12176" status="PASS">
          <reporter-output>
          </reporter-output>
        </test-method> <!-- beforeMethod -->
        <test-method signature="addAddress()[pri:0, instance:com.ShoppersStack_TestScripts.Verify_user_is_able_to_Add_Address_or_not_Test@ef9296d]" started-at="2024-07-30T09:51:04 IST" name="addAddress" finished-at="2024-07-30T09:51:15 IST" duration-ms="10724" status="PASS">
          <reporter-output>
          </reporter-output>
        </test-method> <!-- addAddress -->
        <test-method is-config="true" signature="afterMethod()[pri:0, instance:com.ShoppersStack_TestScripts.Verify_user_is_able_to_Add_Address_or_not_Test@ef9296d]" started-at="2024-07-30T09:51:15 IST" name="afterMethod" finished-at="2024-07-30T09:51:16 IST" duration-ms="993" status="PASS">
          <reporter-output>
          </reporter-output>
        </test-method> <!-- afterMethod -->
        <test-method is-config="true" signature="afterClass()[pri:0, instance:com.ShoppersStack_TestScripts.Verify_user_is_able_to_Add_Address_or_not_Test@ef9296d]" started-at="2024-07-30T09:51:16 IST" name="afterClass" finished-at="2024-07-30T09:51:19 IST" duration-ms="3504" status="PASS">
          <reporter-output>
          </reporter-output>
        </test-method> <!-- afterClass -->
        <test-method is-config="true" signature="afterTest()[pri:0, instance:com.ShoppersStack_TestScripts.Verify_user_is_able_to_Add_Address_or_not_Test@ef9296d]" started-at="2024-07-30T09:51:45 IST" name="afterTest" finished-at="2024-07-30T09:51:47 IST" duration-ms="1545" status="PASS">
          <reporter-output>
          </reporter-output>
        </test-method> <!-- afterTest -->
        <test-method is-config="true" signature="afterSuite()[pri:0, instance:com.ShoppersStack_TestScripts.Verify_user_is_able_to_Add_Address_or_not_Test@ef9296d]" started-at="2024-07-30T09:51:47 IST" name="afterSuite" finished-at="2024-07-30T09:51:47 IST" duration-ms="1" status="PASS">
          <reporter-output>
          </reporter-output>
        </test-method> <!-- afterSuite -->
      </class> <!-- com.ShoppersStack_TestScripts.Verify_user_is_able_to_Add_Address_or_not_Test -->
    </test> <!-- Surefire test -->
  </suite> <!-- Surefire suite -->
</testng-results>
