<?xml version="1.0" encoding="UTF-8"?>
<testng-results ignored="0" total="1" passed="1" failed="0" skipped="0">
  <reporter-output>
  </reporter-output>
  <suite started-at="2024-07-30T09:45:52 IST" name="Default suite" finished-at="2024-07-30T09:46:24 IST" duration-ms="32041">
    <groups>
    </groups>
    <test started-at="2024-07-30T09:45:52 IST" name="Default test" finished-at="2024-07-30T09:46:24 IST" duration-ms="32041">
      <class name="com.ShoppersStack_TestScripts.Verify_user_is_able_to_Add_Address_or_not_Test">
        <test-method is-config="true" signature="beforeSuite()[pri:0, instance:com.ShoppersStack_TestScripts.Verify_user_is_able_to_Add_Address_or_not_Test@4c12331b]" started-at="2024-07-30T09:45:52 IST" name="beforeSuite" finished-at="2024-07-30T09:45:52 IST" duration-ms="19" status="PASS">
          <reporter-output>
          </reporter-output>
        </test-method> <!-- beforeSuite -->
        <test-method is-config="true" signature="beforeTest()[pri:0, instance:com.ShoppersStack_TestScripts.Verify_user_is_able_to_Add_Address_or_not_Test@4c12331b]" started-at="2024-07-30T09:45:52 IST" name="beforeTest" finished-at="2024-07-30T09:45:53 IST" duration-ms="301" status="PASS">
          <reporter-output>
          </reporter-output>
        </test-method> <!-- beforeTest -->
        <test-method is-config="true" signature="beforeClass()[pri:0, instance:com.ShoppersStack_TestScripts.Verify_user_is_able_to_Add_Address_or_not_Test@4c12331b]" started-at="2024-07-30T09:45:53 IST" name="beforeClass" finished-at="2024-07-30T09:45:59 IST" duration-ms="6559" status="PASS">
          <reporter-output>
          </reporter-output>
        </test-method> <!-- beforeClass -->
        <test-method is-config="true" signature="beforeMethod()[pri:0, instance:com.ShoppersStack_TestScripts.Verify_user_is_able_to_Add_Address_or_not_Test@4c12331b]" started-at="2024-07-30T09:45:59 IST" name="beforeMethod" finished-at="2024-07-30T09:46:11 IST" duration-ms="11950" status="PASS">
          <reporter-output>
          </reporter-output>
        </test-method> <!-- beforeMethod -->
        <test-method signature="addAddress()[pri:0, instance:com.ShoppersStack_TestScripts.Verify_user_is_able_to_Add_Address_or_not_Test@4c12331b]" started-at="2024-07-30T09:46:11 IST" name="addAddress" finished-at="2024-07-30T09:46:19 IST" duration-ms="7401" status="PASS">
          <reporter-output>
          </reporter-output>
        </test-method> <!-- addAddress -->
        <test-method is-config="true" signature="afterMethod()[pri:0, instance:com.ShoppersStack_TestScripts.Verify_user_is_able_to_Add_Address_or_not_Test@4c12331b]" started-at="2024-07-30T09:46:19 IST" name="afterMethod" finished-at="2024-07-30T09:46:20 IST" duration-ms="884" status="PASS">
          <reporter-output>
          </reporter-output>
        </test-method> <!-- afterMethod -->
        <test-method is-config="true" signature="afterClass()[pri:0, instance:com.ShoppersStack_TestScripts.Verify_user_is_able_to_Add_Address_or_not_Test@4c12331b]" started-at="2024-07-30T09:46:20 IST" name="afterClass" finished-at="2024-07-30T09:46:23 IST" duration-ms="3428" status="PASS">
          <reporter-output>
          </reporter-output>
        </test-method> <!-- afterClass -->
        <test-method is-config="true" signature="afterTest()[pri:0, instance:com.ShoppersStack_TestScripts.Verify_user_is_able_to_Add_Address_or_not_Test@4c12331b]" started-at="2024-07-30T09:46:23 IST" name="afterTest" finished-at="2024-07-30T09:46:24 IST" duration-ms="1440" status="PASS">
          <reporter-output>
          </reporter-output>
        </test-method> <!-- afterTest -->
        <test-method is-config="true" signature="afterSuite()[pri:0, instance:com.ShoppersStack_TestScripts.Verify_user_is_able_to_Add_Address_or_not_Test@4c12331b]" started-at="2024-07-30T09:46:25 IST" name="afterSuite" finished-at="2024-07-30T09:46:25 IST" duration-ms="0" status="PASS">
          <reporter-output>
          </reporter-output>
        </test-method> <!-- afterSuite -->
      </class> <!-- com.ShoppersStack_TestScripts.Verify_user_is_able_to_Add_Address_or_not_Test -->
    </test> <!-- Default test -->
  </suite> <!-- Default suite -->
</testng-results>
